<?xml version="1.0" encoding="UTF-8"?>
<!-- Generated by org.testng.reporters.JUnitXMLReporter -->
<testsuite ignored="0" hostname="DESKTOP-2IRLF59" failures="0" tests="6" name="TestCases" time="46.871" errors="0" timestamp="2021-04-08T10:01:46 IST">
  <testcase classname="pepperfry.Main" name="login" time="11.668"/>
  <testcase classname="pepperfry.Main" name="validateBasics" time="0.083"/>
  <testcase classname="pepperfry.Main" name="search" time="5.484"/>
  <testcase classname="pepperfry.Main" name="validateProductDetails" time="6.768"/>
  <testcase classname="pepperfry.Main" name="paymentGateway" time="6.199"/>
  <testcase classname="pepperfry.Main" name="socialMediaWebsite" time="7.217"/>
</testsuite> <!-- TestCases -->
