<?xml version="1.0" encoding="UTF-8"?>
<!-- Generated by org.testng.reporters.JUnitXMLReporter -->
<testsuite ignored="0" hostname="DESKTOP-2IRLF59" failures="0" tests="6" name="Default test" time="66.247" errors="0" timestamp="2021-04-08T11:44:36 IST">
  <testcase classname="pepperfry.Main" name="login" time="11.756"/>
  <testcase classname="pepperfry.Main" name="validateBasics" time="0.116"/>
  <testcase classname="pepperfry.Main" name="search" time="12.945"/>
  <testcase classname="pepperfry.Main" name="validateProductDetails" time="12.042"/>
  <testcase classname="pepperfry.Main" name="paymentGateway" time="6.919"/>
  <testcase classname="pepperfry.Main" name="socialMediaWebsite" time="7.614"/>
</testsuite> <!-- Default test -->
