<?xml version="1.0" encoding="UTF-8"?>
<testng-results ignored="0" total="6" passed="6" failed="0" skipped="0">
  <reporter-output>
  </reporter-output>
  <suite started-at="2021-04-08T11:43:30 IST" name="Default suite" finished-at="2021-04-08T11:44:36 IST" duration-ms="66247">
    <groups>
    </groups>
    <test started-at="2021-04-08T11:43:30 IST" name="Default test" finished-at="2021-04-08T11:44:36 IST" duration-ms="66247">
      <class name="pepperfry.Main">
        <test-method is-config="true" signature="launch()[pri:0, instance:pepperfry.Main@2177849e]" started-at="2021-04-08T11:43:30 IST" name="launch" finished-at="2021-04-08T11:43:42 IST" duration-ms="12299" status="PASS">
          <reporter-output>
          </reporter-output>
        </test-method> <!-- launch -->
        <test-method is-config="true" signature="initializeReport()[pri:0, instance:pepperfry.Main@2177849e]" started-at="2021-04-08T11:43:42 IST" name="initializeReport" finished-at="2021-04-08T11:43:43 IST" duration-ms="616" status="PASS">
          <reporter-output>
          </reporter-output>
        </test-method> <!-- initializeReport -->
        <test-method is-config="true" signature="startReport(java.lang.reflect.Method)[pri:0, instance:pepperfry.Main@2177849e]" started-at="2021-04-08T11:43:43 IST" name="startReport" finished-at="2021-04-08T11:43:43 IST" duration-ms="9" status="PASS">
          <params>
            <param index="0">
              <value>
                <![CDATA[public void pepperfry.Main.login(java.lang.String,java.lang.String)]]>
              </value>
            </param>
          </params>
          <reporter-output>
          </reporter-output>
        </test-method> <!-- startReport -->
        <test-method signature="login(java.lang.String, java.lang.String)[pri:1, instance:pepperfry.Main@2177849e]" started-at="2021-04-08T11:43:43 IST" name="login" data-provider="loginTest" finished-at="2021-04-08T11:43:55 IST" duration-ms="11756" status="PASS">
          <params>
            <param index="0">
              <value>
                <![CDATA[500067458@stu.upes.ac.in]]>
              </value>
            </param>
            <param index="1">
              <value>
                <![CDATA[Maulik3780@]]>
              </value>
            </param>
          </params>
          <reporter-output>
          </reporter-output>
        </test-method> <!-- login -->
        <test-method is-config="true" signature="startReport(java.lang.reflect.Method)[pri:0, instance:pepperfry.Main@2177849e]" started-at="2021-04-08T11:43:55 IST" name="startReport" finished-at="2021-04-08T11:43:55 IST" duration-ms="1" status="PASS">
          <params>
            <param index="0">
              <value>
                <![CDATA[public void pepperfry.Main.validateBasics() throws java.lang.InterruptedException]]>
              </value>
            </param>
          </params>
          <reporter-output>
          </reporter-output>
        </test-method> <!-- startReport -->
        <test-method signature="validateBasics()[pri:2, instance:pepperfry.Main@2177849e]" started-at="2021-04-08T11:43:55 IST" name="validateBasics" finished-at="2021-04-08T11:43:55 IST" duration-ms="116" status="PASS">
          <reporter-output>
          </reporter-output>
        </test-method> <!-- validateBasics -->
        <test-method is-config="true" signature="startReport(java.lang.reflect.Method)[pri:0, instance:pepperfry.Main@2177849e]" started-at="2021-04-08T11:43:55 IST" name="startReport" finished-at="2021-04-08T11:43:55 IST" duration-ms="1" status="PASS">
          <params>
            <param index="0">
              <value>
                <![CDATA[public void pepperfry.Main.search()]]>
              </value>
            </param>
          </params>
          <reporter-output>
          </reporter-output>
        </test-method> <!-- startReport -->
        <test-method signature="search()[pri:3, instance:pepperfry.Main@2177849e]" started-at="2021-04-08T11:43:55 IST" name="search" finished-at="2021-04-08T11:44:08 IST" duration-ms="12945" status="PASS">
          <reporter-output>
          </reporter-output>
        </test-method> <!-- search -->
        <test-method is-config="true" signature="startReport(java.lang.reflect.Method)[pri:0, instance:pepperfry.Main@2177849e]" started-at="2021-04-08T11:44:08 IST" name="startReport" finished-at="2021-04-08T11:44:08 IST" duration-ms="2" status="PASS">
          <params>
            <param index="0">
              <value>
                <![CDATA[public void pepperfry.Main.validateProductDetails() throws java.lang.InterruptedException]]>
              </value>
            </param>
          </params>
          <reporter-output>
          </reporter-output>
        </test-method> <!-- startReport -->
        <test-method signature="validateProductDetails()[pri:4, instance:pepperfry.Main@2177849e]" started-at="2021-04-08T11:44:08 IST" name="validateProductDetails" finished-at="2021-04-08T11:44:20 IST" depends-on-methods="pepperfry.Main.search" duration-ms="12042" status="PASS">
          <reporter-output>
          </reporter-output>
        </test-method> <!-- validateProductDetails -->
        <test-method is-config="true" signature="startReport(java.lang.reflect.Method)[pri:0, instance:pepperfry.Main@2177849e]" started-at="2021-04-08T11:44:20 IST" name="startReport" finished-at="2021-04-08T11:44:20 IST" duration-ms="1" status="PASS">
          <params>
            <param index="0">
              <value>
                <![CDATA[public void pepperfry.Main.paymentGateway()]]>
              </value>
            </param>
          </params>
          <reporter-output>
          </reporter-output>
        </test-method> <!-- startReport -->
        <test-method signature="paymentGateway()[pri:5, instance:pepperfry.Main@2177849e]" started-at="2021-04-08T11:44:20 IST" name="paymentGateway" finished-at="2021-04-08T11:44:27 IST" depends-on-methods="pepperfry.Main.validateProductDetails" duration-ms="6919" status="PASS">
          <reporter-output>
          </reporter-output>
        </test-method> <!-- paymentGateway -->
        <test-method is-config="true" signature="startReport(java.lang.reflect.Method)[pri:0, instance:pepperfry.Main@2177849e]" started-at="2021-04-08T11:44:27 IST" name="startReport" finished-at="2021-04-08T11:44:27 IST" duration-ms="1" status="PASS">
          <params>
            <param index="0">
              <value>
                <![CDATA[public void pepperfry.Main.socialMediaWebsite() throws java.lang.InterruptedException]]>
              </value>
            </param>
          </params>
          <reporter-output>
          </reporter-output>
        </test-method> <!-- startReport -->
        <test-method signature="socialMediaWebsite()[pri:6, instance:pepperfry.Main@2177849e]" started-at="2021-04-08T11:44:27 IST" name="socialMediaWebsite" finished-at="2021-04-08T11:44:35 IST" duration-ms="7614" status="PASS">
          <reporter-output>
          </reporter-output>
        </test-method> <!-- socialMediaWebsite -->
        <test-method is-config="true" signature="endTest()[pri:0, instance:pepperfry.Main@2177849e]" started-at="2021-04-08T11:44:35 IST" name="endTest" finished-at="2021-04-08T11:44:35 IST" duration-ms="675" status="PASS">
          <reporter-output>
          </reporter-output>
        </test-method> <!-- endTest -->
        <test-method is-config="true" signature="exit()[pri:0, instance:pepperfry.Main@2177849e]" started-at="2021-04-08T11:44:35 IST" name="exit" finished-at="2021-04-08T11:44:36 IST" duration-ms="1135" status="PASS">
          <reporter-output>
          </reporter-output>
        </test-method> <!-- exit -->
      </class> <!-- pepperfry.Main -->
    </test> <!-- Default test -->
  </suite> <!-- Default suite -->
</testng-results>
